# JRE version: Java(TM) SE Runtime Environment (19.0.1+10) (build 19.0.1+10-21)
# Java VM: Java HotSpot(TM) 64-Bit Server VM (19.0.1+10-21, mixed mode, sharing, tiered, compressed oops, compressed class ptrs, g1 gc, windows-amd64)
GC Precious Log:
 CardTable entry size: 512
 Card Set container configuration: InlinePtr #cards 4 size 8 Array Of Cards #cards 16 size 48 Howl #buckets 8 coarsen threshold 3686 Howl Bitmap #cards 512 size 80 coarsen threshold 460 Card regions per heap region 1 cards per card region 4096
 CPUs: 8 total, 8 available
 Memory: 8067M
 Large Page Support: Disabled
 NUMA Support: Disabled
 Compressed Oops: Enabled (Zero based)
 Heap Region Size: 2M
 Heap Min Capacity: 8M
 Heap Initial Capacity: 128M
 Heap Max Capacity: 4G
 Pre-touch: Disabled
 Parallel Workers: 8
 Concurrent Workers: 2
 Concurrent Refinement Workers: 8
 Periodic GC: Disabled
Heap:
 garbage-first heap   total 790528K, used 204150K [0x0000000700000000, 0x0000000800000000)
  region size 2048K, 17 young (34816K), 17 survivors (34816K)
 Metaspace       used 15329K, committed 15552K, reserved 1114112K
  class space    used 1494K, committed 1600K, reserved 1048576K
GC Heap History (20 events):
Event: 12.298 GC heap after
{Heap after GC invocations=10 (full 0):
 garbage-first heap   total 212992K, used 54610K [0x0000000700000000, 0x0000000800000000)
  region size 2048K, 8 young (16384K), 8 survivors (16384K)
 Metaspace       used 14975K, committed 15232K, reserved 1114112K
  class space    used 1492K, committed 1600K, reserved 1048576K
}
Event: 12.428 GC heap before
{Heap before GC invocations=10 (full 0):
 garbage-first heap   total 212992K, used 165202K [0x0000000700000000, 0x0000000800000000)
  region size 2048K, 62 young (126976K), 8 survivors (16384K)
 Metaspace       used 14986K, committed 15232K, reserved 1114112K
  class space    used 1492K, committed 1600K, reserved 1048576K
}
Event: 12.439 GC heap after
{Heap after GC invocations=11 (full 0):
 garbage-first heap   total 212992K, used 61629K [0x0000000700000000, 0x0000000800000000)
  region size 2048K, 8 young (16384K), 8 survivors (16384K)
 Metaspace       used 14986K, committed 15232K, reserved 1114112K
  class space    used 1492K, committed 1600K, reserved 1048576K
}
Event: 12.537 GC heap before
{Heap before GC invocations=11 (full 0):
 garbage-first heap   total 212992K, used 168125K [0x0000000700000000, 0x0000000800000000)
  region size 2048K, 60 young (122880K), 8 survivors (16384K)
 Metaspace       used 15022K, committed 15232K, reserved 1114112K
  class space    used 1492K, committed 1600K, reserved 1048576K
}
Event: 12.551 GC heap after
{Heap after GC invocations=12 (full 0):
 garbage-first heap   total 395264K, used 67878K [0x0000000700000000, 0x0000000800000000)
  region size 2048K, 7 young (14336K), 7 survivors (14336K)
 Metaspace       used 15022K, committed 15232K, reserved 1114112K
  class space    used 1492K, committed 1600K, reserved 1048576K
}
Event: 12.910 GC heap before
{Heap before GC invocations=12 (full 0):
 garbage-first heap   total 395264K, used 289062K [0x0000000700000000, 0x0000000800000000)
  region size 2048K, 115 young (235520K), 7 survivors (14336K)
 Metaspace       used 15088K, committed 15296K, reserved 1114112K
  class space    used 1492K, committed 1600K, reserved 1048576K
}
Event: 12.928 GC heap after
{Heap after GC invocations=13 (full 0):
 garbage-first heap   total 395264K, used 80057K [0x0000000700000000, 0x0000000800000000)
  region size 2048K, 13 young (26624K), 13 survivors (26624K)
 Metaspace       used 15088K, committed 15296K, reserved 1114112K
  class space    used 1492K, committed 1600K, reserved 1048576K
}
Event: 13.107 GC heap before
{Heap before GC invocations=13 (full 0):
 garbage-first heap   total 395264K, used 288953K [0x0000000700000000, 0x0000000800000000)
  region size 2048K, 115 young (235520K), 13 survivors (26624K)
 Metaspace       used 15140K, committed 15360K, reserved 1114112K
  class space    used 1492K, committed 1600K, reserved 1048576K
}
Event: 13.128 GC heap after
{Heap after GC invocations=14 (full 0):
 garbage-first heap   total 395264K, used 92683K [0x0000000700000000, 0x0000000800000000)
  region size 2048K, 13 young (26624K), 13 survivors (26624K)
 Metaspace       used 15140K, committed 15360K, reserved 1114112K
  class space    used 1492K, committed 1600K, reserved 1048576K
}
Event: 13.311 GC heap before
{Heap before GC invocations=14 (full 0):
 garbage-first heap   total 395264K, used 301579K [0x0000000700000000, 0x0000000800000000)
  region size 2048K, 115 young (235520K), 13 survivors (26624K)
 Metaspace       used 15145K, committed 15360K, reserved 1114112K
  class space    used 1492K, committed 1600K, reserved 1048576K
}
Event: 13.330 GC heap after
{Heap after GC invocations=15 (full 0):
 garbage-first heap   total 395264K, used 105786K [0x0000000700000000, 0x0000000800000000)
  region size 2048K, 14 young (28672K), 14 survivors (28672K)
 Metaspace       used 15145K, committed 15360K, reserved 1114112K
  class space    used 1492K, committed 1600K, reserved 1048576K
}
Event: 13.509 GC heap before
{Heap before GC invocations=15 (full 0):
 garbage-first heap   total 395264K, used 312634K [0x0000000700000000, 0x0000000800000000)
  region size 2048K, 115 young (235520K), 14 survivors (28672K)
 Metaspace       used 15173K, committed 15424K, reserved 1114112K
  class space    used 1493K, committed 1600K, reserved 1048576K
}
Event: 13.531 GC heap after
{Heap after GC invocations=16 (full 0):
 garbage-first heap   total 790528K, used 119995K [0x0000000700000000, 0x0000000800000000)
  region size 2048K, 14 young (28672K), 14 survivors (28672K)
 Metaspace       used 15173K, committed 15424K, reserved 1114112K
  class space    used 1493K, committed 1600K, reserved 1048576K
}
Event: 14.291 GC heap before
{Heap before GC invocations=16 (full 0):
 garbage-first heap   total 790528K, used 564411K [0x0000000700000000, 0x0000000800000000)
  region size 2048K, 231 young (473088K), 14 survivors (28672K)
 Metaspace       used 15253K, committed 15424K, reserved 1114112K
  class space    used 1493K, committed 1600K, reserved 1048576K
}
Event: 14.548 GC heap after
{Heap after GC invocations=17 (full 0):
 garbage-first heap   total 790528K, used 148071K [0x0000000700000000, 0x0000000800000000)
  region size 2048K, 28 young (57344K), 28 survivors (57344K)
 Metaspace       used 15253K, committed 15424K, reserved 1114112K
  class space    used 1493K, committed 1600K, reserved 1048576K
}
Event: 14.831 GC heap before
{Heap before GC invocations=17 (full 0):
 garbage-first heap   total 790528K, used 563815K [0x0000000700000000, 0x0000000800000000)
  region size 2048K, 231 young (473088K), 28 survivors (57344K)
 Metaspace       used 15288K, committed 15552K, reserved 1114112K
  class space    used 1493K, committed 1600K, reserved 1048576K
}
Event: 15.192 GC heap after
{Heap after GC invocations=18 (full 0):
 garbage-first heap   total 790528K, used 173009K [0x0000000700000000, 0x0000000800000000)
  region size 2048K, 28 young (57344K), 28 survivors (57344K)
 Metaspace       used 15288K, committed 15552K, reserved 1114112K
  class space    used 1493K, committed 1600K, reserved 1048576K
}
Event: 15.242 GC heap before
{Heap before GC invocations=18 (full 0):
 garbage-first heap   total 790528K, used 269265K [0x0000000700000000, 0x0000000800000000)
  region size 2048K, 75 young (153600K), 28 survivors (57344K)
 Metaspace       used 15290K, committed 15552K, reserved 1114112K
  class space    used 1493K, committed 1600K, reserved 1048576K
}
Event: 15.310 GC heap after
{Heap after GC invocations=19 (full 0):
 garbage-first heap   total 790528K, used 181622K [0x0000000700000000, 0x0000000800000000)
  region size 2048K, 6 young (12288K), 6 survivors (12288K)
 Metaspace       used 15290K, committed 15552K, reserved 1114112K
  class space    used 1493K, committed 1600K, reserved 1048576K
}
Event: 15.759 GC heap before
{Heap before GC invocations=19 (full 0):
 garbage-first heap   total 790528K, used 626038K [0x0000000700000000, 0x0000000800000000)
  region size 2048K, 223 young (456704K), 6 survivors (12288K)
 Metaspace       used 15329K, committed 15552K, reserved 1114112K
  class space    used 1494K, committed 1600K, reserved 1048576K
}

